[voeflytap.com/latampass/index.html]
[backblue.gif]
[fade.gif]
[index.html]
[maxcdn.bootstrapcdn.com/bootstrap/3.3.0/css/bootstrap.min.css]
[selimdoyranli.com/cdn/material-form/css/grid12.css]
[voeflytap.com/latampass/css/style3.css]
[maxcdn.bootstrapcdn.com/bootstrap/3.3.0/js/bootstrap.min.js]
[selimdoyranli.com/cdn/material-form/css/jquery-ui.css]
[selimdoyranli.com/cdn/material-form/css/animate.css]
[selimdoyranli.com/cdn/material-form/js/custom.js]
[code.jquery.com/jquery-1.11.1.min.js]
[selimdoyranli.com/cdn/material-form/js/jquery.min.js]
[voeflytap.com/latampass/index.html]
[maxcdn.bootstrapcdn.com/bootstrap/3.3.0/css/bootstrap.min.css]
[selimdoyranli.com/cdn/material-form/css/grid12.css]
[selimdoyranli.com/cdn/material-form/js/jquery-ui.js]
[voeflytap.com/latampass/img/session1.png]
[voeflytap.com/latampass/css/style3.css]
[selimdoyranli.com/cdn/material-form/css/jquery-ui.css]
[selimdoyranli.com/cdn/material-form/css/animate.css]
